Added Component: Designator=C1(TC7360-2924)
Added Component: Designator=C2(TC7360-2924)
Added Component: Designator=C3(0805_CAP)
Added Component: Designator=C4(0805_CAP)
Added Component: Designator=C5(TC7360-2924)
Added Component: Designator=C6(TC7360-2924)
Added Component: Designator=C7(TC7360-2924)
Added Component: Designator=P1(Header2Macho)
Added Component: Designator=P2(HDR1X3)
Added Component: Designator=P3(SMAL22)
Added Component: Designator=U1(TO220ABN)
Added Component: Designator=U2(Header 3x3)
Added Component: Designator=U3(AWM667TX)
Added Pin To Net: NetName=A/L Pin=C6-1
Added Pin To Net: NetName=A/L Pin=P2-2
Added Net: Name=A/L
Added Pin To Net: NetName=A/R Pin=C5-1
Added Pin To Net: NetName=A/R Pin=P2-1
Added Net: Name=A/R
Added Pin To Net: NetName=BIT0 Pin=U2-1
Added Pin To Net: NetName=BIT0 Pin=U3-3
Added Net: Name=BIT0
Added Pin To Net: NetName=BIT1 Pin=U2-2
Added Pin To Net: NetName=BIT1 Pin=U3-2
Added Net: Name=BIT1
Added Pin To Net: NetName=BIT2 Pin=U2-3
Added Pin To Net: NetName=BIT2 Pin=U3-1
Added Net: Name=BIT2
Added Pin To Net: NetName=GND Pin=C1-2
Added Pin To Net: NetName=GND Pin=C2-2
Added Pin To Net: NetName=GND Pin=C3-1
Added Pin To Net: NetName=GND Pin=C4-1
Added Pin To Net: NetName=GND Pin=C7-2
Added Pin To Net: NetName=GND Pin=P1-2
Added Pin To Net: NetName=GND Pin=P2-3
Added Pin To Net: NetName=GND Pin=P3-0
Added Pin To Net: NetName=GND Pin=P3-0
Added Pin To Net: NetName=GND Pin=P3-0
Added Pin To Net: NetName=GND Pin=P3-0
Added Pin To Net: NetName=GND Pin=U1-3
Added Pin To Net: NetName=GND Pin=U2-5
Added Pin To Net: NetName=GND Pin=U2-5
Added Pin To Net: NetName=GND Pin=U2-5
Added Pin To Net: NetName=GND Pin=U3-9
Added Net: Name=GND
Added Pin To Net: NetName=NetC5_2 Pin=C5-2
Added Pin To Net: NetName=NetC5_2 Pin=U3-4
Added Net: Name=NetC5_2
Added Pin To Net: NetName=NetC6_2 Pin=C6-2
Added Pin To Net: NetName=NetC6_2 Pin=U3-5
Added Net: Name=NetC6_2
Added Pin To Net: NetName=NetC7_1 Pin=C7-1
Added Pin To Net: NetName=NetC7_1 Pin=U3-8
Added Net: Name=NetC7_1
Added Pin To Net: NetName=VCC Pin=C2-1
Added Pin To Net: NetName=VCC Pin=C3-2
Added Pin To Net: NetName=VCC Pin=C4-2
Added Pin To Net: NetName=VCC Pin=U1-2
Added Pin To Net: NetName=VCC Pin=U2-4
Added Pin To Net: NetName=VCC Pin=U2-4
Added Pin To Net: NetName=VCC Pin=U2-4
Added Pin To Net: NetName=VCC Pin=U3-7
Added Net: Name=VCC
Added Pin To Net: NetName=VIDEO Pin=P3-1
Added Pin To Net: NetName=VIDEO Pin=U3-6
Added Net: Name=VIDEO
Added Pin To Net: NetName=VIN Pin=C1-1
Added Pin To Net: NetName=VIN Pin=P1-1
Added Pin To Net: NetName=VIN Pin=U1-1
Added Net: Name=VIN
Added Class: Name=TransmisorVideo5_8GHz
